Sun May 10 01:12:42 NONED 2020 This is not a dhclient pid (6056) anymore.
Mon Aug 10 20:51:01 NONED 2020 No pid file: /var/run/dhclient.mng0.pid
Mon Aug 10 20:51:01 NONED 2020 No pid file: /var/run/dhclient.mng0.pid
Tue Aug 11 07:39:10 EDTD 2020 This is not a dhclient pid (20201) anymore.
Tue Aug 11 07:53:25 EDTD 2020 No pid file: /var/run/dhclient.mng0.pid
Tue Aug 11 07:57:23 EDTD 2020 This is not a dhclient pid (32313) anymore.
Tue Aug 11 12:02:39 NONED 2020 No pid file: /var/run/dhclient.mng0.pid
Tue Aug 11 12:02:39 NONED 2020 No pid file: /var/run/dhclient.mng0.pid
Tue Aug 11 08:10:24 EDTD 2020 This is not a dhclient pid (11432) anymore.
Tue Aug 11 08:32:52 EDTD 2020 This is not a dhclient pid (26122) anymore.
Tue Aug 11 12:39:16 NONED 2020 No pid file: /var/run/dhclient.mng0.pid
Tue Aug 11 12:50:31 NONED 2020 This is not a dhclient pid (1825) anymore.
Tue Aug 11 12:50:36 NONED 2020 No pid file: /var/run/dhclient.mng0.pid
Tue Aug 11 12:50:46 NONED 2020 No pid file: /var/run/dhclient.mng0.pid
Wed Sep  9 14:04:46 NONED 2020 No pid file: /var/run/dhclient.mng0.pid
Wed Sep  9 14:04:46 NONED 2020 No pid file: /var/run/dhclient.mng0.pid
Wed Sep  9 14:04:46 NONED 2020 No pid file: /var/run/dhclient.mng0.pid
Wed Sep  9 14:04:46 NONED 2020 No pid file: /var/run/dhclient.mng0.pid
Wed Sep  9 14:04:47 NONED 2020 No pid file: /var/run/dhclient.mng0.pid
Wed Sep  9 14:04:47 NONED 2020 No pid file: /var/run/dhclient.mng0.pid
Mon Jan  4 18:07:20 NONE 2021 No pid file: /var/run/dhclient.mng0.pid
Mon Jan  4 20:39:05 NONE 2021 No pid file: /var/run/dhclient.mng0.pid
Mon Jan  4 20:39:05 NONE 2021 No pid file: /var/run/dhclient.mng0.pid
Tue Jan  5 14:24:29 NONE 2021 No pid file: /var/run/dhclient.mng0.pid
Fri Jan 22 20:59:06 NONE 2021 No pid file: /var/run/dhclient.mng0.pid
Fri Jan 22 20:59:06 NONE 2021 No pid file: /var/run/dhclient.mng0.pid
