2021-01-04T20:11:12Z INFO --- logging initialized ---
2021-01-04T20:11:12Z DDEBUG timer: config: 11 ms
2021-01-04T20:11:12Z DEBUG DNF version: 2.6.3
2021-01-04T20:11:12Z DDEBUG Command: dnf clean all 
2021-01-04T20:11:12Z DDEBUG Installroot: /
2021-01-04T20:11:12Z DDEBUG Releasever: rocko
2021-01-04T20:11:12Z DEBUG cachedir: /var/cache/dnf
2021-01-04T20:11:12Z DDEBUG Base command: clean
2021-01-04T20:11:12Z DDEBUG Extra commands: ['clean', 'all']
2021-01-04T20:11:12Z DEBUG Cleaning data: metadata dbcache packages
2021-01-04T20:11:12Z INFO 0 files removed
2021-01-04T20:11:12Z DDEBUG Cleaning up.
2021-01-04T20:11:13Z INFO --- logging initialized ---
2021-01-04T20:11:13Z DDEBUG timer: config: 8 ms
2021-01-04T20:11:13Z DEBUG DNF version: 2.6.3
2021-01-04T20:11:13Z DDEBUG Command: dnf check-update 
2021-01-04T20:11:13Z DDEBUG Installroot: /
2021-01-04T20:11:13Z DDEBUG Releasever: rocko
2021-01-04T20:11:13Z DEBUG cachedir: /var/cache/dnf
2021-01-04T20:11:13Z DDEBUG Base command: check-update
2021-01-04T20:11:13Z DDEBUG Extra commands: ['check-update']
2021-01-04T20:11:13Z DDEBUG repo: downloading from remote: AN6520GP_2.0.0.0.115_2009032355-app-aarch64, _Handle: metalnk: None, mlist: None, urls ['ftp://10.5.100.254/AN6520GP_2.0.0.0.115_2009032355/app/freescale/fsl/2.4.1/aarch64'].
2021-01-04T20:11:14Z DEBUG not found deltainfo for: "AN6520GP_2.0.0.0.115_2009032355 app"
2021-01-04T20:11:14Z DEBUG not found updateinfo for: "AN6520GP_2.0.0.0.115_2009032355 app"
2021-01-04T20:11:14Z DEBUG AN6520GP_2.0.0.0.115_2009032355-app-aarch64: using metadata from Thu Sep  3 22:34:09 2020.
2021-01-04T20:11:14Z DDEBUG repo: downloading from remote: AN6520GP_2.0.0.0.115_2009032355-sp-aarch64, _Handle: metalnk: None, mlist: None, urls ['ftp://10.5.100.254/AN6520GP_2.0.0.0.115_2009032355/sp/freescale/fsl/2.4.1/aarch64'].
2021-01-04T20:11:15Z DEBUG not found deltainfo for: "AN6520GP_2.0.0.0.115_2009032355 sp"
2021-01-04T20:11:15Z DEBUG not found updateinfo for: "AN6520GP_2.0.0.0.115_2009032355 sp"
2021-01-04T20:11:15Z DEBUG AN6520GP_2.0.0.0.115_2009032355-sp-aarch64: using metadata from Thu Sep  3 22:32:56 2020.
2021-01-04T20:11:15Z INFO Last metadata expiration check: 0:00:00 ago on Mon Jan  4 20:11:15 2021.
2021-01-04T20:11:15Z DDEBUG timer: sack setup: 1909 ms
2021-01-04T20:11:15Z DDEBUG Cleaning up.
2021-01-04T20:11:15Z INFO --- logging initialized ---
2021-01-04T20:11:15Z DDEBUG timer: config: 7 ms
2021-01-04T20:11:15Z DEBUG DNF version: 2.6.3
2021-01-04T20:11:15Z DDEBUG Command: dnf list 
2021-01-04T20:11:15Z DDEBUG Installroot: /
2021-01-04T20:11:15Z DDEBUG Releasever: rocko
2021-01-04T20:11:15Z DEBUG cachedir: /var/cache/dnf
2021-01-04T20:11:15Z DDEBUG Base command: list
2021-01-04T20:11:15Z DDEBUG Extra commands: ['list']
2021-01-04T20:11:15Z DEBUG repo: using cache for: AN6520GP_2.0.0.0.115_2009032355-app-aarch64
2021-01-04T20:11:15Z DEBUG not found deltainfo for: "AN6520GP_2.0.0.0.115_2009032355 app"
2021-01-04T20:11:15Z DEBUG not found updateinfo for: "AN6520GP_2.0.0.0.115_2009032355 app"
2021-01-04T20:11:15Z DEBUG AN6520GP_2.0.0.0.115_2009032355-app-aarch64: using metadata from Thu Sep  3 22:34:09 2020.
2021-01-04T20:11:15Z DEBUG repo: using cache for: AN6520GP_2.0.0.0.115_2009032355-sp-aarch64
2021-01-04T20:11:15Z DEBUG not found deltainfo for: "AN6520GP_2.0.0.0.115_2009032355 sp"
2021-01-04T20:11:15Z DEBUG not found updateinfo for: "AN6520GP_2.0.0.0.115_2009032355 sp"
2021-01-04T20:11:15Z DEBUG AN6520GP_2.0.0.0.115_2009032355-sp-aarch64: using metadata from Thu Sep  3 22:32:56 2020.
2021-01-04T20:11:15Z INFO Last metadata expiration check: 0:00:00 ago on Mon Jan  4 20:11:15 2021.
2021-01-04T20:11:15Z DDEBUG timer: sack setup: 70 ms
2021-01-04T20:11:16Z DDEBUG Cleaning up.
2021-01-04T20:11:17Z INFO --- logging initialized ---
2021-01-04T20:11:17Z DDEBUG timer: config: 8 ms
2021-01-04T20:11:17Z DEBUG DNF version: 2.6.3
2021-01-04T20:11:17Z DDEBUG Command: dnf install --assumeno system-platform-spd 
2021-01-04T20:11:17Z DDEBUG Installroot: /
2021-01-04T20:11:17Z DDEBUG Releasever: rocko
2021-01-04T20:11:17Z DEBUG cachedir: /var/cache/dnf
2021-01-04T20:11:17Z DDEBUG Base command: install
2021-01-04T20:11:17Z DDEBUG Extra commands: ['install', '--assumeno', 'system-platform-spd']
2021-01-04T20:11:17Z DEBUG repo: using cache for: AN6520GP_2.0.0.0.115_2009032355-app-aarch64
2021-01-04T20:11:17Z DEBUG not found deltainfo for: "AN6520GP_2.0.0.0.115_2009032355 app"
2021-01-04T20:11:17Z DEBUG not found updateinfo for: "AN6520GP_2.0.0.0.115_2009032355 app"
2021-01-04T20:11:17Z DEBUG AN6520GP_2.0.0.0.115_2009032355-app-aarch64: using metadata from Thu Sep  3 22:34:09 2020.
2021-01-04T20:11:17Z DEBUG repo: using cache for: AN6520GP_2.0.0.0.115_2009032355-sp-aarch64
2021-01-04T20:11:17Z DEBUG not found deltainfo for: "AN6520GP_2.0.0.0.115_2009032355 sp"
2021-01-04T20:11:17Z DEBUG not found updateinfo for: "AN6520GP_2.0.0.0.115_2009032355 sp"
2021-01-04T20:11:17Z DEBUG AN6520GP_2.0.0.0.115_2009032355-sp-aarch64: using metadata from Thu Sep  3 22:32:56 2020.
2021-01-04T20:11:17Z INFO Last metadata expiration check: 0:00:02 ago on Mon Jan  4 20:11:15 2021.
2021-01-04T20:11:17Z DDEBUG timer: sack setup: 70 ms
2021-01-04T20:11:17Z DEBUG --> Starting dependency resolution
2021-01-04T20:11:17Z DEBUG ---> Package esp-medium-spd.aarch64 1.37.0-2009032355_0 will be installed
2021-01-04T20:11:17Z DEBUG ---> Package acs.aarch64 1.1.19-0_0 will be installed
2021-01-04T20:11:17Z DEBUG ---> Package diagnostics.aarch64 7.0.224-0_0 will be installed
2021-01-04T20:11:17Z DEBUG ---> Package ham.aarch64 8.8.5-0_0 will be installed
2021-01-04T20:11:17Z DEBUG ---> Package info-board-spd.aarch64 0.3.40-0_0 will be installed
2021-01-04T20:11:17Z DEBUG ---> Package iniparser.aarch64 1:2.14.45-0_0 will be installed
2021-01-04T20:11:17Z DEBUG ---> Package install-configs.aarch64 3.3.31-0_0 will be installed
2021-01-04T20:11:17Z DEBUG ---> Package install-utils.aarch64 4.0.65-0_0 will be installed
2021-01-04T20:11:17Z DEBUG ---> Package ipmi-firmware-spd.aarch64 0.3.61-0_0 will be installed
2021-01-04T20:11:17Z DEBUG ---> Package ipmitool-spd.aarch64 2:3.0.46-0_0 will be installed
2021-01-04T20:11:17Z DEBUG ---> Package itKlish-spd.aarch64 2.0.264-0_0 will be installed
2021-01-04T20:11:17Z DEBUG ---> Package itcommon.aarch64 1.0.317-0_0 will be installed
2021-01-04T20:11:17Z DEBUG ---> Package itdhcp-client.aarch64 2.0.9-0_0 will be installed
2021-01-04T20:11:17Z DEBUG ---> Package itopensaf.aarch64 5.0.53-0_0 will be installed
2021-01-04T20:11:17Z DEBUG ---> Package ituboot-fsl-spd.aarch64 3.2.70-0_0 will be installed
2021-01-04T20:11:17Z DEBUG ---> Package itxml.aarch64 1:1.1.42-0_0 will be installed
2021-01-04T20:11:17Z DEBUG ---> Package klish.aarch64 1.6.7-32 will be installed
2021-01-04T20:11:17Z DEBUG ---> Package lsp-spd.aarch64 1:1.1.169-0_0 will be installed
2021-01-04T20:11:17Z DEBUG ---> Package mesa-spd.aarch64 1:1.0.24-0_0 will be installed
2021-01-04T20:11:17Z DEBUG ---> Package ncfm.aarch64 1.2.36-0_0 will be installed
2021-01-04T20:11:17Z DEBUG ---> Package niesubag.aarch64 1.1.59-0_0 will be installed
2021-01-04T20:11:17Z DEBUG ---> Package platform_config-spd.aarch64 1.0.79-0_0 will be installed
2021-01-04T20:11:17Z DEBUG ---> Package platform_utils-spd.aarch64 2:8.9.185-0_0 will be installed
2021-01-04T20:11:17Z DEBUG ---> Package shmc-spd.aarch64 4.1.42-0_0 will be installed
2021-01-04T20:11:17Z DEBUG ---> Package sitool.aarch64 1.0.33-0_0 will be installed
2021-01-04T20:11:17Z DEBUG --> Finished dependency resolution
2021-01-04T20:11:17Z DDEBUG timer: depsolve: 13 ms
2021-01-04T20:11:17Z INFO Dependencies resolved.
2021-01-04T20:11:17Z INFO ================================================================================
 Package  Arch    Version      Repository                                  Size
================================================================================
Installing:
 esp-medium-spd
          aarch64 1.37.0-2009032355_0
                               AN6520GP_2.0.0.0.115_2009032355-sp-aarch64  16 k
Installing dependencies:
 acs      aarch64 1.1.19-0_0   AN6520GP_2.0.0.0.115_2009032355-sp-aarch64 295 k
 diagnostics
          aarch64 7.0.224-0_0  AN6520GP_2.0.0.0.115_2009032355-sp-aarch64 522 k
 ham      aarch64 8.8.5-0_0    AN6520GP_2.0.0.0.115_2009032355-sp-aarch64 861 k
 info-board-spd
          aarch64 0.3.40-0_0   AN6520GP_2.0.0.0.115_2009032355-sp-aarch64 6.4 k
 iniparser
          aarch64 1:2.14.45-0_0
                               AN6520GP_2.0.0.0.115_2009032355-sp-aarch64  24 k
 install-configs
          aarch64 3.3.31-0_0   AN6520GP_2.0.0.0.115_2009032355-sp-aarch64  15 k
 install-utils
          aarch64 4.0.65-0_0   AN6520GP_2.0.0.0.115_2009032355-sp-aarch64  87 k
 ipmi-firmware-spd
          aarch64 0.3.61-0_0   AN6520GP_2.0.0.0.115_2009032355-sp-aarch64 191 k
 ipmitool-spd
          aarch64 2:3.0.46-0_0 AN6520GP_2.0.0.0.115_2009032355-sp-aarch64 266 k
 itKlish-spd
          aarch64 2.0.264-0_0  AN6520GP_2.0.0.0.115_2009032355-sp-aarch64 886 k
 itcommon aarch64 1.0.317-0_0  AN6520GP_2.0.0.0.115_2009032355-sp-aarch64 154 k
 itdhcp-client
          aarch64 2.0.9-0_0    AN6520GP_2.0.0.0.115_2009032355-sp-aarch64 1.1 M
 itopensaf
          aarch64 5.0.53-0_0   AN6520GP_2.0.0.0.115_2009032355-sp-aarch64 918 k
 ituboot-fsl-spd
          aarch64 3.2.70-0_0   AN6520GP_2.0.0.0.115_2009032355-sp-aarch64 1.2 M
 itxml    aarch64 1:1.1.42-0_0 AN6520GP_2.0.0.0.115_2009032355-sp-aarch64  74 k
 klish    aarch64 1.6.7-32     AN6520GP_2.0.0.0.115_2009032355-sp-aarch64 119 k
 lsp-spd  aarch64 1:1.1.169-0_0
                               AN6520GP_2.0.0.0.115_2009032355-sp-aarch64 6.2 M
 mesa-spd aarch64 1:1.0.24-0_0 AN6520GP_2.0.0.0.115_2009032355-sp-aarch64 6.2 k
 ncfm     aarch64 1.2.36-0_0   AN6520GP_2.0.0.0.115_2009032355-sp-aarch64 206 k
 niesubag aarch64 1.1.59-0_0   AN6520GP_2.0.0.0.115_2009032355-sp-aarch64 1.3 M
 platform_config-spd
          aarch64 1.0.79-0_0   AN6520GP_2.0.0.0.115_2009032355-sp-aarch64  55 k
 platform_utils-spd
          aarch64 2:8.9.185-0_0
                               AN6520GP_2.0.0.0.115_2009032355-sp-aarch64 598 k
 shmc-spd aarch64 4.1.42-0_0   AN6520GP_2.0.0.0.115_2009032355-sp-aarch64  95 k
 sitool   aarch64 1.0.33-0_0   AN6520GP_2.0.0.0.115_2009032355-sp-aarch64  44 k

Transaction Summary
================================================================================
Install  25 Packages

2021-01-04T20:11:17Z INFO Total download size: 15 M
2021-01-04T20:11:17Z INFO Installed size: 35 M
2021-01-04T20:11:17Z ERROR Operation aborted.
2021-01-04T20:11:17Z DDEBUG Cleaning up.
2021-01-04T20:11:17Z INFO --- logging initialized ---
2021-01-04T20:11:17Z DDEBUG timer: config: 7 ms
2021-01-04T20:11:17Z DEBUG DNF version: 2.6.3
2021-01-04T20:11:17Z DDEBUG Command: dnf install --assumeyes --allowerasing system-platform-spd 
2021-01-04T20:11:17Z DDEBUG Installroot: /
2021-01-04T20:11:17Z DDEBUG Releasever: rocko
2021-01-04T20:11:17Z DEBUG cachedir: /var/cache/dnf
2021-01-04T20:11:17Z DDEBUG Base command: install
2021-01-04T20:11:17Z DDEBUG Extra commands: ['install', '--assumeyes', '--allowerasing', 'system-platform-spd']
2021-01-04T20:11:17Z DEBUG repo: using cache for: AN6520GP_2.0.0.0.115_2009032355-app-aarch64
2021-01-04T20:11:17Z DEBUG not found deltainfo for: "AN6520GP_2.0.0.0.115_2009032355 app"
2021-01-04T20:11:17Z DEBUG not found updateinfo for: "AN6520GP_2.0.0.0.115_2009032355 app"
2021-01-04T20:11:17Z DEBUG AN6520GP_2.0.0.0.115_2009032355-app-aarch64: using metadata from Thu Sep  3 22:34:09 2020.
2021-01-04T20:11:17Z DEBUG repo: using cache for: AN6520GP_2.0.0.0.115_2009032355-sp-aarch64
2021-01-04T20:11:17Z DEBUG not found deltainfo for: "AN6520GP_2.0.0.0.115_2009032355 sp"
2021-01-04T20:11:17Z DEBUG not found updateinfo for: "AN6520GP_2.0.0.0.115_2009032355 sp"
2021-01-04T20:11:17Z DEBUG AN6520GP_2.0.0.0.115_2009032355-sp-aarch64: using metadata from Thu Sep  3 22:32:56 2020.
2021-01-04T20:11:17Z INFO Last metadata expiration check: 0:00:02 ago on Mon Jan  4 20:11:15 2021.
2021-01-04T20:11:17Z DDEBUG timer: sack setup: 70 ms
2021-01-04T20:11:17Z DEBUG --> Starting dependency resolution
2021-01-04T20:11:17Z DEBUG ---> Package esp-medium-spd.aarch64 1.37.0-2009032355_0 will be installed
2021-01-04T20:11:17Z DEBUG ---> Package acs.aarch64 1.1.19-0_0 will be installed
2021-01-04T20:11:17Z DEBUG ---> Package diagnostics.aarch64 7.0.224-0_0 will be installed
2021-01-04T20:11:17Z DEBUG ---> Package ham.aarch64 8.8.5-0_0 will be installed
2021-01-04T20:11:17Z DEBUG ---> Package info-board-spd.aarch64 0.3.40-0_0 will be installed
2021-01-04T20:11:17Z DEBUG ---> Package iniparser.aarch64 1:2.14.45-0_0 will be installed
2021-01-04T20:11:17Z DEBUG ---> Package install-configs.aarch64 3.3.31-0_0 will be installed
2021-01-04T20:11:17Z DEBUG ---> Package install-utils.aarch64 4.0.65-0_0 will be installed
2021-01-04T20:11:17Z DEBUG ---> Package ipmi-firmware-spd.aarch64 0.3.61-0_0 will be installed
2021-01-04T20:11:17Z DEBUG ---> Package ipmitool-spd.aarch64 2:3.0.46-0_0 will be installed
2021-01-04T20:11:17Z DEBUG ---> Package itKlish-spd.aarch64 2.0.264-0_0 will be installed
2021-01-04T20:11:17Z DEBUG ---> Package itcommon.aarch64 1.0.317-0_0 will be installed
2021-01-04T20:11:17Z DEBUG ---> Package itdhcp-client.aarch64 2.0.9-0_0 will be installed
2021-01-04T20:11:17Z DEBUG ---> Package itopensaf.aarch64 5.0.53-0_0 will be installed
2021-01-04T20:11:17Z DEBUG ---> Package ituboot-fsl-spd.aarch64 3.2.70-0_0 will be installed
2021-01-04T20:11:17Z DEBUG ---> Package itxml.aarch64 1:1.1.42-0_0 will be installed
2021-01-04T20:11:17Z DEBUG ---> Package klish.aarch64 1.6.7-32 will be installed
2021-01-04T20:11:17Z DEBUG ---> Package lsp-spd.aarch64 1:1.1.169-0_0 will be installed
2021-01-04T20:11:17Z DEBUG ---> Package mesa-spd.aarch64 1:1.0.24-0_0 will be installed
2021-01-04T20:11:17Z DEBUG ---> Package ncfm.aarch64 1.2.36-0_0 will be installed
2021-01-04T20:11:17Z DEBUG ---> Package niesubag.aarch64 1.1.59-0_0 will be installed
2021-01-04T20:11:17Z DEBUG ---> Package platform_config-spd.aarch64 1.0.79-0_0 will be installed
2021-01-04T20:11:17Z DEBUG ---> Package platform_utils-spd.aarch64 2:8.9.185-0_0 will be installed
2021-01-04T20:11:17Z DEBUG ---> Package shmc-spd.aarch64 4.1.42-0_0 will be installed
2021-01-04T20:11:17Z DEBUG ---> Package sitool.aarch64 1.0.33-0_0 will be installed
2021-01-04T20:11:17Z DEBUG --> Finished dependency resolution
2021-01-04T20:11:17Z DDEBUG timer: depsolve: 13 ms
2021-01-04T20:11:17Z INFO Dependencies resolved.
2021-01-04T20:11:17Z INFO ================================================================================
 Package  Arch    Version      Repository                                  Size
================================================================================
Installing:
 esp-medium-spd
          aarch64 1.37.0-2009032355_0
                               AN6520GP_2.0.0.0.115_2009032355-sp-aarch64  16 k
Installing dependencies:
 acs      aarch64 1.1.19-0_0   AN6520GP_2.0.0.0.115_2009032355-sp-aarch64 295 k
 diagnostics
          aarch64 7.0.224-0_0  AN6520GP_2.0.0.0.115_2009032355-sp-aarch64 522 k
 ham      aarch64 8.8.5-0_0    AN6520GP_2.0.0.0.115_2009032355-sp-aarch64 861 k
 info-board-spd
          aarch64 0.3.40-0_0   AN6520GP_2.0.0.0.115_2009032355-sp-aarch64 6.4 k
 iniparser
          aarch64 1:2.14.45-0_0
                               AN6520GP_2.0.0.0.115_2009032355-sp-aarch64  24 k
 install-configs
          aarch64 3.3.31-0_0   AN6520GP_2.0.0.0.115_2009032355-sp-aarch64  15 k
 install-utils
          aarch64 4.0.65-0_0   AN6520GP_2.0.0.0.115_2009032355-sp-aarch64  87 k
 ipmi-firmware-spd
          aarch64 0.3.61-0_0   AN6520GP_2.0.0.0.115_2009032355-sp-aarch64 191 k
 ipmitool-spd
          aarch64 2:3.0.46-0_0 AN6520GP_2.0.0.0.115_2009032355-sp-aarch64 266 k
 itKlish-spd
          aarch64 2.0.264-0_0  AN6520GP_2.0.0.0.115_2009032355-sp-aarch64 886 k
 itcommon aarch64 1.0.317-0_0  AN6520GP_2.0.0.0.115_2009032355-sp-aarch64 154 k
 itdhcp-client
          aarch64 2.0.9-0_0    AN6520GP_2.0.0.0.115_2009032355-sp-aarch64 1.1 M
 itopensaf
          aarch64 5.0.53-0_0   AN6520GP_2.0.0.0.115_2009032355-sp-aarch64 918 k
 ituboot-fsl-spd
          aarch64 3.2.70-0_0   AN6520GP_2.0.0.0.115_2009032355-sp-aarch64 1.2 M
 itxml    aarch64 1:1.1.42-0_0 AN6520GP_2.0.0.0.115_2009032355-sp-aarch64  74 k
 klish    aarch64 1.6.7-32     AN6520GP_2.0.0.0.115_2009032355-sp-aarch64 119 k
 lsp-spd  aarch64 1:1.1.169-0_0
                               AN6520GP_2.0.0.0.115_2009032355-sp-aarch64 6.2 M
 mesa-spd aarch64 1:1.0.24-0_0 AN6520GP_2.0.0.0.115_2009032355-sp-aarch64 6.2 k
 ncfm     aarch64 1.2.36-0_0   AN6520GP_2.0.0.0.115_2009032355-sp-aarch64 206 k
 niesubag aarch64 1.1.59-0_0   AN6520GP_2.0.0.0.115_2009032355-sp-aarch64 1.3 M
 platform_config-spd
          aarch64 1.0.79-0_0   AN6520GP_2.0.0.0.115_2009032355-sp-aarch64  55 k
 platform_utils-spd
          aarch64 2:8.9.185-0_0
                               AN6520GP_2.0.0.0.115_2009032355-sp-aarch64 598 k
 shmc-spd aarch64 4.1.42-0_0   AN6520GP_2.0.0.0.115_2009032355-sp-aarch64  95 k
 sitool   aarch64 1.0.33-0_0   AN6520GP_2.0.0.0.115_2009032355-sp-aarch64  44 k

Transaction Summary
================================================================================
Install  25 Packages

2021-01-04T20:11:17Z INFO Total download size: 15 M
2021-01-04T20:11:17Z INFO Installed size: 35 M
2021-01-04T20:11:17Z INFO Downloading Packages:
2021-01-04T20:11:18Z SUBDEBUG Call: RPMPayload._end_cb: (<dnf.repo.RPMPayload object at 0xffff9f463ac8>, 0, None), {}
2021-01-04T20:11:18Z SUBDEBUG Call: RPMPayload._end_cb: (<dnf.repo.RPMPayload object at 0xffffa15cb780>, 0, None), {}
2021-01-04T20:11:18Z SUBDEBUG Call: RPMPayload._end_cb: (<dnf.repo.RPMPayload object at 0xffff9f3a8048>, 0, None), {}
2021-01-04T20:11:18Z SUBDEBUG Call: RPMPayload._end_cb: (<dnf.repo.RPMPayload object at 0xffff9f3a80b8>, 0, None), {}
2021-01-04T20:11:18Z SUBDEBUG Call: RPMPayload._end_cb: (<dnf.repo.RPMPayload object at 0xffff9f3a8080>, 0, None), {}
2021-01-04T20:11:18Z SUBDEBUG Call: RPMPayload._end_cb: (<dnf.repo.RPMPayload object at 0xffff9f3a81d0>, 0, None), {}
2021-01-04T20:11:18Z SUBDEBUG Call: RPMPayload._end_cb: (<dnf.repo.RPMPayload object at 0xffff9f3a80f0>, 0, None), {}
2021-01-04T20:11:18Z SUBDEBUG Call: RPMPayload._end_cb: (<dnf.repo.RPMPayload object at 0xffff9f3a8208>, 0, None), {}
2021-01-04T20:11:19Z SUBDEBUG Call: RPMPayload._end_cb: (<dnf.repo.RPMPayload object at 0xffff9f3a8240>, 0, None), {}
2021-01-04T20:11:19Z SUBDEBUG Call: RPMPayload._end_cb: (<dnf.repo.RPMPayload object at 0xffff9f3a8278>, 0, None), {}
2021-01-04T20:11:19Z SUBDEBUG Call: RPMPayload._end_cb: (<dnf.repo.RPMPayload object at 0xffff9f3a82e8>, 0, None), {}
2021-01-04T20:11:19Z SUBDEBUG Call: RPMPayload._end_cb: (<dnf.repo.RPMPayload object at 0xffff9f3a82b0>, 0, None), {}
2021-01-04T20:11:19Z SUBDEBUG Call: RPMPayload._end_cb: (<dnf.repo.RPMPayload object at 0xffff9f3a8320>, 0, None), {}
2021-01-04T20:11:19Z SUBDEBUG Call: RPMPayload._end_cb: (<dnf.repo.RPMPayload object at 0xffff9f3a8358>, 0, None), {}
2021-01-04T20:11:19Z SUBDEBUG Call: RPMPayload._end_cb: (<dnf.repo.RPMPayload object at 0xffff9f3a83c8>, 0, None), {}
2021-01-04T20:11:19Z SUBDEBUG Call: RPMPayload._end_cb: (<dnf.repo.RPMPayload object at 0xffff9f3a8128>, 0, None), {}
2021-01-04T20:11:19Z SUBDEBUG Call: RPMPayload._end_cb: (<dnf.repo.RPMPayload object at 0xffff9f3a8470>, 0, None), {}
2021-01-04T20:11:19Z SUBDEBUG Call: RPMPayload._end_cb: (<dnf.repo.RPMPayload object at 0xffff9f3a8390>, 0, None), {}
2021-01-04T20:11:20Z SUBDEBUG Call: RPMPayload._end_cb: (<dnf.repo.RPMPayload object at 0xffff9f3a8160>, 0, None), {}
2021-01-04T20:11:20Z SUBDEBUG Call: RPMPayload._end_cb: (<dnf.repo.RPMPayload object at 0xffff9f3a8400>, 0, None), {}
2021-01-04T20:11:20Z SUBDEBUG Call: RPMPayload._end_cb: (<dnf.repo.RPMPayload object at 0xffff9f3a8198>, 0, None), {}
2021-01-04T20:11:20Z SUBDEBUG Call: RPMPayload._end_cb: (<dnf.repo.RPMPayload object at 0xffff9f3a8550>, 0, None), {}
2021-01-04T20:11:20Z SUBDEBUG Call: RPMPayload._end_cb: (<dnf.repo.RPMPayload object at 0xffff9f3a8588>, 0, None), {}
2021-01-04T20:11:20Z SUBDEBUG Call: RPMPayload._end_cb: (<dnf.repo.RPMPayload object at 0xffff9f3a85c0>, 0, None), {}
2021-01-04T20:11:20Z SUBDEBUG Call: RPMPayload._end_cb: (<dnf.repo.RPMPayload object at 0xffff9f3a8438>, 0, None), {}
2021-01-04T20:11:21Z INFO --------------------------------------------------------------------------------
2021-01-04T20:11:21Z INFO Total                                           4.8 MB/s |  15 MB     00:03     
2021-01-04T20:11:21Z INFO Running transaction check
2021-01-04T20:11:21Z INFO Transaction check succeeded.
2021-01-04T20:11:21Z INFO Running transaction test
2021-01-04T20:11:21Z INFO Transaction test succeeded.
2021-01-04T20:11:21Z DDEBUG timer: transaction test: 146 ms
2021-01-04T20:11:21Z INFO Running transaction
2021-01-04T20:11:21Z DDEBUG RPM transaction start.
2021-01-04T20:11:37Z DDEBUG RPM transaction over.
2021-01-04T20:11:38Z DDEBUG timer: verify transaction: 852 ms
2021-01-04T20:11:38Z DDEBUG timer: transaction: 16829 ms
2021-01-04T20:11:38Z INFO 
Installed:
  esp-medium-spd.aarch64 1.37.0-2009032355_0                                    
  acs.aarch64 1.1.19-0_0                                                        
  diagnostics.aarch64 7.0.224-0_0                                               
  ham.aarch64 8.8.5-0_0                                                         
  info-board-spd.aarch64 0.3.40-0_0                                             
  iniparser.aarch64 1:2.14.45-0_0                                               
  install-configs.aarch64 3.3.31-0_0                                            
  install-utils.aarch64 4.0.65-0_0                                              
  ipmi-firmware-spd.aarch64 0.3.61-0_0                                          
  ipmitool-spd.aarch64 2:3.0.46-0_0                                             
  itKlish-spd.aarch64 2.0.264-0_0                                               
  itcommon.aarch64 1.0.317-0_0                                                  
  itdhcp-client.aarch64 2.0.9-0_0                                               
  itopensaf.aarch64 5.0.53-0_0                                                  
  ituboot-fsl-spd.aarch64 3.2.70-0_0                                            
  itxml.aarch64 1:1.1.42-0_0                                                    
  klish.aarch64 1.6.7-32                                                        
  lsp-spd.aarch64 1:1.1.169-0_0                                                 
  mesa-spd.aarch64 1:1.0.24-0_0                                                 
  ncfm.aarch64 1.2.36-0_0                                                       
  niesubag.aarch64 1.1.59-0_0                                                   
  platform_config-spd.aarch64 1.0.79-0_0                                        
  platform_utils-spd.aarch64 2:8.9.185-0_0                                      
  shmc-spd.aarch64 4.1.42-0_0                                                   
  sitool.aarch64 1.0.33-0_0                                                     

2021-01-04T20:11:38Z INFO Complete!
2021-01-04T20:11:38Z DDEBUG Cleaning up.
2021-01-04T20:11:38Z DDEBUG /var/cache/dnf/AN6520GP_2.0.0.0.115_2009032355-sp-aarch64-7546e7cdc8c34314/packages/platform_config-spd-1.0.79-0_0.aarch64.rpm removed
2021-01-04T20:11:38Z DDEBUG /var/cache/dnf/AN6520GP_2.0.0.0.115_2009032355-sp-aarch64-7546e7cdc8c34314/packages/niesubag-1.1.59-0_0.aarch64.rpm removed
2021-01-04T20:11:38Z DDEBUG /var/cache/dnf/AN6520GP_2.0.0.0.115_2009032355-sp-aarch64-7546e7cdc8c34314/packages/itdhcp-client-2.0.9-0_0.aarch64.rpm removed
2021-01-04T20:11:38Z DDEBUG /var/cache/dnf/AN6520GP_2.0.0.0.115_2009032355-sp-aarch64-7546e7cdc8c34314/packages/ipmitool-spd-3.0.46-0_0.aarch64.rpm removed
2021-01-04T20:11:38Z DDEBUG /var/cache/dnf/AN6520GP_2.0.0.0.115_2009032355-sp-aarch64-7546e7cdc8c34314/packages/klish-1.6.7-32.aarch64.rpm removed
2021-01-04T20:11:38Z DDEBUG /var/cache/dnf/AN6520GP_2.0.0.0.115_2009032355-sp-aarch64-7546e7cdc8c34314/packages/esp-medium-spd-1.37.0-2009032355_0.aarch64.rpm removed
2021-01-04T20:11:38Z DDEBUG /var/cache/dnf/AN6520GP_2.0.0.0.115_2009032355-sp-aarch64-7546e7cdc8c34314/packages/diagnostics-7.0.224-0_0.aarch64.rpm removed
2021-01-04T20:11:38Z DDEBUG /var/cache/dnf/AN6520GP_2.0.0.0.115_2009032355-sp-aarch64-7546e7cdc8c34314/packages/install-utils-4.0.65-0_0.aarch64.rpm removed
2021-01-04T20:11:38Z DDEBUG /var/cache/dnf/AN6520GP_2.0.0.0.115_2009032355-sp-aarch64-7546e7cdc8c34314/packages/lsp-spd-1.1.169-0_0.aarch64.rpm removed
2021-01-04T20:11:38Z DDEBUG /var/cache/dnf/AN6520GP_2.0.0.0.115_2009032355-sp-aarch64-7546e7cdc8c34314/packages/itxml-1.1.42-0_0.aarch64.rpm removed
2021-01-04T20:11:38Z DDEBUG /var/cache/dnf/AN6520GP_2.0.0.0.115_2009032355-sp-aarch64-7546e7cdc8c34314/packages/itcommon-1.0.317-0_0.aarch64.rpm removed
2021-01-04T20:11:38Z DDEBUG /var/cache/dnf/AN6520GP_2.0.0.0.115_2009032355-sp-aarch64-7546e7cdc8c34314/packages/ituboot-fsl-spd-3.2.70-0_0.aarch64.rpm removed
2021-01-04T20:11:38Z DDEBUG /var/cache/dnf/AN6520GP_2.0.0.0.115_2009032355-sp-aarch64-7546e7cdc8c34314/packages/platform_utils-spd-8.9.185-0_0.aarch64.rpm removed
2021-01-04T20:11:38Z DDEBUG /var/cache/dnf/AN6520GP_2.0.0.0.115_2009032355-sp-aarch64-7546e7cdc8c34314/packages/ham-8.8.5-0_0.aarch64.rpm removed
2021-01-04T20:11:38Z DDEBUG /var/cache/dnf/AN6520GP_2.0.0.0.115_2009032355-sp-aarch64-7546e7cdc8c34314/packages/sitool-1.0.33-0_0.aarch64.rpm removed
2021-01-04T20:11:38Z DDEBUG /var/cache/dnf/AN6520GP_2.0.0.0.115_2009032355-sp-aarch64-7546e7cdc8c34314/packages/install-configs-3.3.31-0_0.aarch64.rpm removed
2021-01-04T20:11:38Z DDEBUG /var/cache/dnf/AN6520GP_2.0.0.0.115_2009032355-sp-aarch64-7546e7cdc8c34314/packages/mesa-spd-1.0.24-0_0.aarch64.rpm removed
2021-01-04T20:11:38Z DDEBUG /var/cache/dnf/AN6520GP_2.0.0.0.115_2009032355-sp-aarch64-7546e7cdc8c34314/packages/shmc-spd-4.1.42-0_0.aarch64.rpm removed
2021-01-04T20:11:38Z DDEBUG /var/cache/dnf/AN6520GP_2.0.0.0.115_2009032355-sp-aarch64-7546e7cdc8c34314/packages/acs-1.1.19-0_0.aarch64.rpm removed
2021-01-04T20:11:38Z DDEBUG /var/cache/dnf/AN6520GP_2.0.0.0.115_2009032355-sp-aarch64-7546e7cdc8c34314/packages/ncfm-1.2.36-0_0.aarch64.rpm removed
2021-01-04T20:11:38Z DDEBUG /var/cache/dnf/AN6520GP_2.0.0.0.115_2009032355-sp-aarch64-7546e7cdc8c34314/packages/info-board-spd-0.3.40-0_0.aarch64.rpm removed
2021-01-04T20:11:38Z DDEBUG /var/cache/dnf/AN6520GP_2.0.0.0.115_2009032355-sp-aarch64-7546e7cdc8c34314/packages/ipmi-firmware-spd-0.3.61-0_0.aarch64.rpm removed
2021-01-04T20:11:38Z DDEBUG /var/cache/dnf/AN6520GP_2.0.0.0.115_2009032355-sp-aarch64-7546e7cdc8c34314/packages/iniparser-2.14.45-0_0.aarch64.rpm removed
2021-01-04T20:11:38Z DDEBUG /var/cache/dnf/AN6520GP_2.0.0.0.115_2009032355-sp-aarch64-7546e7cdc8c34314/packages/itKlish-spd-2.0.264-0_0.aarch64.rpm removed
2021-01-04T20:11:38Z DDEBUG /var/cache/dnf/AN6520GP_2.0.0.0.115_2009032355-sp-aarch64-7546e7cdc8c34314/packages/itopensaf-5.0.53-0_0.aarch64.rpm removed
2021-01-04T20:11:38Z INFO --- logging initialized ---
2021-01-04T20:11:38Z DDEBUG timer: config: 8 ms
2021-01-04T20:11:38Z DEBUG DNF version: 2.6.3
2021-01-04T20:11:38Z DDEBUG Command: dnf autoremove --assumeyes --allowerasing 
2021-01-04T20:11:38Z DDEBUG Installroot: /
2021-01-04T20:11:38Z DDEBUG Releasever: rocko
2021-01-04T20:11:38Z DEBUG cachedir: /var/cache/dnf
2021-01-04T20:11:38Z DDEBUG Base command: autoremove
2021-01-04T20:11:38Z DDEBUG Extra commands: ['autoremove', '--assumeyes', '--allowerasing']
2021-01-04T20:11:38Z DEBUG repo: using cache for: AN6520GP_2.0.0.0.115_2009032355-app-aarch64
2021-01-04T20:11:38Z DEBUG not found deltainfo for: "AN6520GP_2.0.0.0.115_2009032355 app"
2021-01-04T20:11:38Z DEBUG not found updateinfo for: "AN6520GP_2.0.0.0.115_2009032355 app"
2021-01-04T20:11:38Z DEBUG AN6520GP_2.0.0.0.115_2009032355-app-aarch64: using metadata from Thu Sep  3 22:34:09 2020.
2021-01-04T20:11:38Z DEBUG repo: using cache for: AN6520GP_2.0.0.0.115_2009032355-sp-aarch64
2021-01-04T20:11:38Z DEBUG not found deltainfo for: "AN6520GP_2.0.0.0.115_2009032355 sp"
2021-01-04T20:11:38Z DEBUG not found updateinfo for: "AN6520GP_2.0.0.0.115_2009032355 sp"
2021-01-04T20:11:38Z DEBUG AN6520GP_2.0.0.0.115_2009032355-sp-aarch64: using metadata from Thu Sep  3 22:32:56 2020.
2021-01-04T20:11:38Z INFO Last metadata expiration check: 0:00:23 ago on Mon Jan  4 20:11:15 2021.
2021-01-04T20:11:38Z DDEBUG timer: sack setup: 72 ms
2021-01-04T20:11:38Z DEBUG --> Finding unneeded leftover dependencies
2021-01-04T20:11:38Z DEBUG --> Starting dependency resolution
2021-01-04T20:11:38Z DEBUG --> Finished dependency resolution
2021-01-04T20:11:38Z DDEBUG timer: depsolve: 9 ms
2021-01-04T20:11:38Z INFO Dependencies resolved.
2021-01-04T20:11:38Z INFO Nothing to do.
2021-01-04T20:11:38Z INFO Complete!
2021-01-04T20:11:38Z DDEBUG Cleaning up.
2021-01-04T20:12:18Z INFO --- logging initialized ---
2021-01-04T20:12:18Z DDEBUG timer: config: 8 ms
2021-01-04T20:12:18Z DEBUG DNF version: 2.6.3
2021-01-04T20:12:18Z DDEBUG Command: dnf clean all 
2021-01-04T20:12:18Z DDEBUG Installroot: /
2021-01-04T20:12:18Z DDEBUG Releasever: rocko
2021-01-04T20:12:18Z DEBUG cachedir: /var/cache/dnf
2021-01-04T20:12:18Z DDEBUG Base command: clean
2021-01-04T20:12:18Z DDEBUG Extra commands: ['clean', 'all']
2021-01-04T20:12:18Z DEBUG Cleaning data: dbcache metadata packages
2021-01-04T20:12:18Z DDEBUG Removing file /var/cache/dnf/AN6520GP_2.0.0.0.115_2009032355-app-aarch64.solv
2021-01-04T20:12:18Z DDEBUG Removing file /var/cache/dnf/AN6520GP_2.0.0.0.115_2009032355-sp-aarch64-filenames.solvx
2021-01-04T20:12:18Z DDEBUG Removing file /var/cache/dnf/AN6520GP_2.0.0.0.115_2009032355-sp-aarch64.solv
2021-01-04T20:12:18Z DDEBUG Removing file /var/cache/dnf/AN6520GP_2.0.0.0.115_2009032355-app-aarch64-filenames.solvx
2021-01-04T20:12:18Z DDEBUG Removing file /var/cache/dnf/AN6520GP_2.0.0.0.115_2009032355-sp-aarch64-7546e7cdc8c34314/repodata/filelists.xml.gz
2021-01-04T20:12:18Z DDEBUG Removing file /var/cache/dnf/AN6520GP_2.0.0.0.115_2009032355-sp-aarch64-7546e7cdc8c34314/repodata/repomd.xml
2021-01-04T20:12:18Z DDEBUG Removing file /var/cache/dnf/AN6520GP_2.0.0.0.115_2009032355-sp-aarch64-7546e7cdc8c34314/repodata/primary.xml.gz
2021-01-04T20:12:18Z DDEBUG Removing file /var/cache/dnf/AN6520GP_2.0.0.0.115_2009032355-app-aarch64-6123c2d235b23f56/repodata/filelists.xml.gz
2021-01-04T20:12:18Z DDEBUG Removing file /var/cache/dnf/AN6520GP_2.0.0.0.115_2009032355-app-aarch64-6123c2d235b23f56/repodata/repomd.xml
2021-01-04T20:12:18Z DDEBUG Removing file /var/cache/dnf/AN6520GP_2.0.0.0.115_2009032355-app-aarch64-6123c2d235b23f56/repodata/primary.xml.gz
2021-01-04T20:12:18Z INFO 10 files removed
2021-01-04T20:12:18Z DDEBUG Cleaning up.
2021-01-04T20:12:19Z INFO --- logging initialized ---
2021-01-04T20:12:19Z DDEBUG timer: config: 8 ms
2021-01-04T20:12:19Z DEBUG DNF version: 2.6.3
2021-01-04T20:12:19Z DDEBUG Command: dnf list 
2021-01-04T20:12:19Z DDEBUG Installroot: /
2021-01-04T20:12:19Z DDEBUG Releasever: rocko
2021-01-04T20:12:19Z DEBUG cachedir: /var/cache/dnf
2021-01-04T20:12:19Z DDEBUG Base command: list
2021-01-04T20:12:19Z DDEBUG Extra commands: ['list']
2021-01-04T20:12:19Z DDEBUG repo: downloading from remote: AN6520GP_2.0.0.0.115_2009032355-app-aarch64, _Handle: metalnk: None, mlist: None, urls ['ftp://10.5.100.254/AN6520GP_2.0.0.0.115_2009032355/app/freescale/fsl/2.4.1/aarch64'].
2021-01-04T20:12:20Z DEBUG not found deltainfo for: "AN6520GP_2.0.0.0.115_2009032355 app"
2021-01-04T20:12:20Z DEBUG not found updateinfo for: "AN6520GP_2.0.0.0.115_2009032355 app"
2021-01-04T20:12:20Z DEBUG AN6520GP_2.0.0.0.115_2009032355-app-aarch64: using metadata from Thu Sep  3 22:34:09 2020.
2021-01-04T20:12:20Z DDEBUG repo: downloading from remote: AN6520GP_2.0.0.0.115_2009032355-sp-aarch64, _Handle: metalnk: None, mlist: None, urls ['ftp://10.5.100.254/AN6520GP_2.0.0.0.115_2009032355/sp/freescale/fsl/2.4.1/aarch64'].
2021-01-04T20:12:21Z DEBUG not found deltainfo for: "AN6520GP_2.0.0.0.115_2009032355 sp"
2021-01-04T20:12:21Z DEBUG not found updateinfo for: "AN6520GP_2.0.0.0.115_2009032355 sp"
2021-01-04T20:12:21Z DEBUG AN6520GP_2.0.0.0.115_2009032355-sp-aarch64: using metadata from Thu Sep  3 22:32:56 2020.
2021-01-04T20:12:21Z INFO Last metadata expiration check: 0:00:00 ago on Mon Jan  4 20:12:21 2021.
2021-01-04T20:12:21Z DDEBUG timer: sack setup: 1935 ms
2021-01-04T20:12:22Z DDEBUG Cleaning up.
2021-01-04T20:12:23Z INFO --- logging initialized ---
2021-01-04T20:12:23Z DDEBUG timer: config: 7 ms
2021-01-04T20:12:23Z DEBUG DNF version: 2.6.3
2021-01-04T20:12:23Z DDEBUG Command: dnf check-update 
2021-01-04T20:12:23Z DDEBUG Installroot: /
2021-01-04T20:12:23Z DDEBUG Releasever: rocko
2021-01-04T20:12:23Z DEBUG cachedir: /var/cache/dnf
2021-01-04T20:12:23Z DDEBUG Base command: check-update
2021-01-04T20:12:23Z DDEBUG Extra commands: ['check-update']
2021-01-04T20:12:23Z DEBUG repo: using cache for: AN6520GP_2.0.0.0.115_2009032355-app-aarch64
2021-01-04T20:12:23Z DEBUG not found deltainfo for: "AN6520GP_2.0.0.0.115_2009032355 app"
2021-01-04T20:12:23Z DEBUG not found updateinfo for: "AN6520GP_2.0.0.0.115_2009032355 app"
2021-01-04T20:12:23Z DEBUG AN6520GP_2.0.0.0.115_2009032355-app-aarch64: using metadata from Thu Sep  3 22:34:09 2020.
2021-01-04T20:12:23Z DEBUG repo: using cache for: AN6520GP_2.0.0.0.115_2009032355-sp-aarch64
2021-01-04T20:12:23Z DEBUG not found deltainfo for: "AN6520GP_2.0.0.0.115_2009032355 sp"
2021-01-04T20:12:23Z DEBUG not found updateinfo for: "AN6520GP_2.0.0.0.115_2009032355 sp"
2021-01-04T20:12:23Z DEBUG AN6520GP_2.0.0.0.115_2009032355-sp-aarch64: using metadata from Thu Sep  3 22:32:56 2020.
2021-01-04T20:12:23Z INFO Last metadata expiration check: 0:00:01 ago on Mon Jan  4 20:12:21 2021.
2021-01-04T20:12:23Z DDEBUG timer: sack setup: 70 ms
2021-01-04T20:12:23Z DDEBUG Cleaning up.
2021-01-04T20:12:23Z INFO --- logging initialized ---
2021-01-04T20:12:23Z DDEBUG timer: config: 8 ms
2021-01-04T20:12:23Z DEBUG DNF version: 2.6.3
2021-01-04T20:12:23Z DDEBUG Command: dnf --assumeyes upgrade 
2021-01-04T20:12:23Z DDEBUG Installroot: /
2021-01-04T20:12:23Z DDEBUG Releasever: rocko
2021-01-04T20:12:23Z DEBUG cachedir: /var/cache/dnf
2021-01-04T20:12:23Z DDEBUG Base command: upgrade
2021-01-04T20:12:23Z DDEBUG Extra commands: ['--assumeyes', 'upgrade']
2021-01-04T20:12:23Z DEBUG repo: using cache for: AN6520GP_2.0.0.0.115_2009032355-app-aarch64
2021-01-04T20:12:23Z DEBUG not found deltainfo for: "AN6520GP_2.0.0.0.115_2009032355 app"
2021-01-04T20:12:23Z DEBUG not found updateinfo for: "AN6520GP_2.0.0.0.115_2009032355 app"
2021-01-04T20:12:23Z DEBUG AN6520GP_2.0.0.0.115_2009032355-app-aarch64: using metadata from Thu Sep  3 22:34:09 2020.
2021-01-04T20:12:23Z DEBUG repo: using cache for: AN6520GP_2.0.0.0.115_2009032355-sp-aarch64
2021-01-04T20:12:23Z DEBUG not found deltainfo for: "AN6520GP_2.0.0.0.115_2009032355 sp"
2021-01-04T20:12:23Z DEBUG not found updateinfo for: "AN6520GP_2.0.0.0.115_2009032355 sp"
2021-01-04T20:12:23Z DEBUG AN6520GP_2.0.0.0.115_2009032355-sp-aarch64: using metadata from Thu Sep  3 22:32:56 2020.
2021-01-04T20:12:23Z INFO Last metadata expiration check: 0:00:02 ago on Mon Jan  4 20:12:21 2021.
2021-01-04T20:12:23Z DDEBUG timer: sack setup: 72 ms
2021-01-04T20:12:23Z DEBUG --> Starting dependency resolution
2021-01-04T20:12:24Z DEBUG --> Finished dependency resolution
2021-01-04T20:12:24Z DDEBUG timer: depsolve: 12 ms
2021-01-04T20:12:24Z INFO Dependencies resolved.
2021-01-04T20:12:24Z INFO Nothing to do.
2021-01-04T20:12:24Z INFO Complete!
2021-01-04T20:12:24Z DDEBUG Cleaning up.
2021-01-04T20:12:24Z INFO --- logging initialized ---
2021-01-04T20:12:24Z DDEBUG timer: config: 7 ms
2021-01-04T20:12:24Z DEBUG DNF version: 2.6.3
2021-01-04T20:12:24Z DDEBUG Command: dnf --assumeyes install an6520gp-spd 
2021-01-04T20:12:24Z DDEBUG Installroot: /
2021-01-04T20:12:24Z DDEBUG Releasever: rocko
2021-01-04T20:12:24Z DEBUG cachedir: /var/cache/dnf
2021-01-04T20:12:24Z DDEBUG Base command: install
2021-01-04T20:12:24Z DDEBUG Extra commands: ['--assumeyes', 'install', 'an6520gp-spd']
2021-01-04T20:12:24Z DEBUG repo: using cache for: AN6520GP_2.0.0.0.115_2009032355-app-aarch64
2021-01-04T20:12:24Z DEBUG not found deltainfo for: "AN6520GP_2.0.0.0.115_2009032355 app"
2021-01-04T20:12:24Z DEBUG not found updateinfo for: "AN6520GP_2.0.0.0.115_2009032355 app"
2021-01-04T20:12:24Z DEBUG AN6520GP_2.0.0.0.115_2009032355-app-aarch64: using metadata from Thu Sep  3 22:34:09 2020.
2021-01-04T20:12:24Z DEBUG repo: using cache for: AN6520GP_2.0.0.0.115_2009032355-sp-aarch64
2021-01-04T20:12:24Z DEBUG not found deltainfo for: "AN6520GP_2.0.0.0.115_2009032355 sp"
2021-01-04T20:12:24Z DEBUG not found updateinfo for: "AN6520GP_2.0.0.0.115_2009032355 sp"
2021-01-04T20:12:24Z DEBUG AN6520GP_2.0.0.0.115_2009032355-sp-aarch64: using metadata from Thu Sep  3 22:32:56 2020.
2021-01-04T20:12:24Z INFO Last metadata expiration check: 0:00:03 ago on Mon Jan  4 20:12:21 2021.
2021-01-04T20:12:24Z DDEBUG timer: sack setup: 70 ms
2021-01-04T20:12:24Z DEBUG --> Starting dependency resolution
2021-01-04T20:12:24Z DEBUG ---> Package an6520gp-spd.aarch64 2.13.1-2009032355_0 will be installed
2021-01-04T20:12:24Z DEBUG ---> Package PTPms-spd.aarch64 1:1.1.24-0_0 will be installed
2021-01-04T20:12:24Z DEBUG ---> Package QorIQ_microcode-spd.aarch64 1:4.6.41-0_0 will be installed
2021-01-04T20:12:24Z DEBUG ---> Package an6520gp_app-spd.aarch64 1.18.0-0_0 will be installed
2021-01-04T20:12:24Z DEBUG ---> Package app_utils.aarch64 1:1.2.10-0_0 will be installed
2021-01-04T20:12:24Z DEBUG ---> Package bridge_SW.aarch64 46.0.302-0_0 will be installed
2021-01-04T20:12:24Z DEBUG ---> Package cli.aarch64 38.0.172-0_0 will be installed
2021-01-04T20:12:24Z DEBUG ---> Package freeradius-client.aarch64 5.0.3-0_0 will be installed
2021-01-04T20:12:24Z DEBUG ---> Package it-snmpd.aarch64 5.20.33-0_0 will be installed
2021-01-04T20:12:24Z DEBUG ---> Package it_ecfm.aarch64 2.0.10-0_0 will be installed
2021-01-04T20:12:24Z DEBUG ---> Package it_erps.aarch64 0.0.48-0_0 will be installed
2021-01-04T20:12:24Z DEBUG ---> Package it_stp.aarch64 4.0.24-0_0 will be installed
2021-01-04T20:12:24Z DEBUG ---> Package itarl-spd.aarch64 1:1.0.123-0_0 will be installed
2021-01-04T20:12:24Z DEBUG ---> Package itbridge-spd.aarch64 1:5.10.228-0_0 will be installed
2021-01-04T20:12:24Z DEBUG ---> Package kcint-spd.aarch64 1:1.0.150-0_0 will be installed
2021-01-04T20:12:24Z DEBUG ---> Package maple-spd.aarch64 1:7.0.90-0_0 will be installed
2021-01-04T20:12:24Z DEBUG ---> Package olt_manager.aarch64 13.1.63-0_0 will be installed
2021-01-04T20:12:24Z DEBUG ---> Package tacasplus_client.aarch64 1:2.0.1-0_0 will be installed
2021-01-04T20:12:24Z DEBUG ---> Package test_ntp.aarch64 1.0.31-0_0 will be installed
2021-01-04T20:12:24Z DEBUG ---> Package web_em.aarch64 2.1.130-0_0 will be installed
2021-01-04T20:12:24Z DEBUG --> Finished dependency resolution
2021-01-04T20:12:24Z DDEBUG timer: depsolve: 12 ms
2021-01-04T20:12:24Z INFO Dependencies resolved.
2021-01-04T20:12:24Z INFO ================================================================================
 Package
        Arch    Version       Repository                                   Size
================================================================================
Installing:
 an6520gp-spd
        aarch64 2.13.1-2009032355_0
                              AN6520GP_2.0.0.0.115_2009032355-app-aarch64 1.1 M
Installing dependencies:
 PTPms-spd
        aarch64 1:1.1.24-0_0  AN6520GP_2.0.0.0.115_2009032355-app-aarch64 6.1 k
 QorIQ_microcode-spd
        aarch64 1:4.6.41-0_0  AN6520GP_2.0.0.0.115_2009032355-app-aarch64 1.1 M
 an6520gp_app-spd
        aarch64 1.18.0-0_0    AN6520GP_2.0.0.0.115_2009032355-app-aarch64 169 k
 app_utils
        aarch64 1:1.2.10-0_0  AN6520GP_2.0.0.0.115_2009032355-app-aarch64  13 k
 bridge_SW
        aarch64 46.0.302-0_0  AN6520GP_2.0.0.0.115_2009032355-app-aarch64 5.5 M
 cli    aarch64 38.0.172-0_0  AN6520GP_2.0.0.0.115_2009032355-app-aarch64 2.1 M
 freeradius-client
        aarch64 5.0.3-0_0     AN6520GP_2.0.0.0.115_2009032355-app-aarch64 179 k
 it-snmpd
        aarch64 5.20.33-0_0   AN6520GP_2.0.0.0.115_2009032355-app-aarch64 2.5 M
 it_ecfm
        aarch64 2.0.10-0_0    AN6520GP_2.0.0.0.115_2009032355-app-aarch64 859 k
 it_erps
        aarch64 0.0.48-0_0    AN6520GP_2.0.0.0.115_2009032355-app-aarch64 741 k
 it_stp aarch64 4.0.24-0_0    AN6520GP_2.0.0.0.115_2009032355-app-aarch64 1.0 M
 itarl-spd
        aarch64 1:1.0.123-0_0 AN6520GP_2.0.0.0.115_2009032355-app-aarch64 156 k
 itbridge-spd
        aarch64 1:5.10.228-0_0
                              AN6520GP_2.0.0.0.115_2009032355-app-aarch64 476 k
 kcint-spd
        aarch64 1:1.0.150-0_0 AN6520GP_2.0.0.0.115_2009032355-app-aarch64 9.0 k
 maple-spd
        aarch64 1:7.0.90-0_0  AN6520GP_2.0.0.0.115_2009032355-app-aarch64 5.8 M
 olt_manager
        aarch64 13.1.63-0_0   AN6520GP_2.0.0.0.115_2009032355-app-aarch64 1.3 M
 tacasplus_client
        aarch64 1:2.0.1-0_0   AN6520GP_2.0.0.0.115_2009032355-app-aarch64  31 k
 test_ntp
        aarch64 1.0.31-0_0    AN6520GP_2.0.0.0.115_2009032355-app-aarch64  12 k
 web_em aarch64 2.1.130-0_0   AN6520GP_2.0.0.0.115_2009032355-app-aarch64 6.4 M

Transaction Summary
================================================================================
Install  20 Packages

2021-01-04T20:12:24Z INFO Total download size: 29 M
2021-01-04T20:12:24Z INFO Installed size: 104 M
2021-01-04T20:12:24Z INFO Downloading Packages:
2021-01-04T20:12:25Z SUBDEBUG Call: RPMPayload._end_cb: (<dnf.repo.RPMPayload object at 0xffff9f1ea048>, 0, None), {}
2021-01-04T20:12:25Z SUBDEBUG Call: RPMPayload._end_cb: (<dnf.repo.RPMPayload object at 0xffff9f1ea198>, 0, None), {}
2021-01-04T20:12:25Z SUBDEBUG Call: RPMPayload._end_cb: (<dnf.repo.RPMPayload object at 0xffff9f1ea0b8>, 0, None), {}
2021-01-04T20:12:25Z SUBDEBUG Call: RPMPayload._end_cb: (<dnf.repo.RPMPayload object at 0xffffa1188128>, 0, None), {}
2021-01-04T20:12:25Z SUBDEBUG Call: RPMPayload._end_cb: (<dnf.repo.RPMPayload object at 0xffff9f1ea128>, 0, None), {}
2021-01-04T20:12:25Z SUBDEBUG Call: RPMPayload._end_cb: (<dnf.repo.RPMPayload object at 0xffff9f1eaa20>, 0, None), {}
2021-01-04T20:12:26Z SUBDEBUG Call: RPMPayload._end_cb: (<dnf.repo.RPMPayload object at 0xffff9f1ea160>, 0, None), {}
2021-01-04T20:12:26Z SUBDEBUG Call: RPMPayload._end_cb: (<dnf.repo.RPMPayload object at 0xffff9f1ea208>, 0, None), {}
2021-01-04T20:12:26Z SUBDEBUG Call: RPMPayload._end_cb: (<dnf.repo.RPMPayload object at 0xffff9f1ea5f8>, 0, None), {}
2021-01-04T20:12:26Z SUBDEBUG Call: RPMPayload._end_cb: (<dnf.repo.RPMPayload object at 0xffff9f1ea240>, 0, None), {}
2021-01-04T20:12:26Z SUBDEBUG Call: RPMPayload._end_cb: (<dnf.repo.RPMPayload object at 0xffff9f1ea358>, 0, None), {}
2021-01-04T20:12:27Z SUBDEBUG Call: RPMPayload._end_cb: (<dnf.repo.RPMPayload object at 0xffff9f1ea1d0>, 0, None), {}
2021-01-04T20:12:27Z SUBDEBUG Call: RPMPayload._end_cb: (<dnf.repo.RPMPayload object at 0xffff9f1ea400>, 0, None), {}
2021-01-04T20:12:27Z SUBDEBUG Call: RPMPayload._end_cb: (<dnf.repo.RPMPayload object at 0xffff9f1ea0f0>, 0, None), {}
2021-01-04T20:12:27Z SUBDEBUG Call: RPMPayload._end_cb: (<dnf.repo.RPMPayload object at 0xffff9f1ea278>, 0, None), {}
2021-01-04T20:12:27Z SUBDEBUG Call: RPMPayload._end_cb: (<dnf.repo.RPMPayload object at 0xffff9f1ea390>, 0, None), {}
2021-01-04T20:12:27Z SUBDEBUG Call: RPMPayload._end_cb: (<dnf.repo.RPMPayload object at 0xffff9f1ea2e8>, 0, None), {}
2021-01-04T20:12:27Z SUBDEBUG Call: RPMPayload._end_cb: (<dnf.repo.RPMPayload object at 0xffff9f1ea470>, 0, None), {}
2021-01-04T20:12:28Z SUBDEBUG Call: RPMPayload._end_cb: (<dnf.repo.RPMPayload object at 0xffff9f1ea3c8>, 0, None), {}
2021-01-04T20:12:29Z SUBDEBUG Call: RPMPayload._end_cb: (<dnf.repo.RPMPayload object at 0xffff9f1ea518>, 0, None), {}
2021-01-04T20:12:29Z INFO --------------------------------------------------------------------------------
2021-01-04T20:12:29Z INFO Total                                           6.7 MB/s |  29 MB     00:04     
2021-01-04T20:12:29Z INFO Running transaction check
2021-01-04T20:12:29Z INFO Transaction check succeeded.
2021-01-04T20:12:29Z INFO Running transaction test
2021-01-04T20:12:29Z INFO Transaction test succeeded.
2021-01-04T20:12:29Z DDEBUG timer: transaction test: 153 ms
2021-01-04T20:12:29Z INFO Running transaction
2021-01-04T20:12:29Z DDEBUG RPM transaction start.
2021-01-04T20:12:33Z DDEBUG RPM transaction over.
2021-01-04T20:12:34Z DDEBUG timer: verify transaction: 780 ms
2021-01-04T20:12:34Z DDEBUG timer: transaction: 4808 ms
2021-01-04T20:12:34Z INFO 
Installed:
  an6520gp-spd.aarch64 2.13.1-2009032355_0 PTPms-spd.aarch64 1:1.1.24-0_0      
  QorIQ_microcode-spd.aarch64 1:4.6.41-0_0 an6520gp_app-spd.aarch64 1.18.0-0_0 
  app_utils.aarch64 1:1.2.10-0_0           bridge_SW.aarch64 46.0.302-0_0      
  cli.aarch64 38.0.172-0_0                 freeradius-client.aarch64 5.0.3-0_0 
  it-snmpd.aarch64 5.20.33-0_0             it_ecfm.aarch64 2.0.10-0_0          
  it_erps.aarch64 0.0.48-0_0               it_stp.aarch64 4.0.24-0_0           
  itarl-spd.aarch64 1:1.0.123-0_0          itbridge-spd.aarch64 1:5.10.228-0_0 
  kcint-spd.aarch64 1:1.0.150-0_0          maple-spd.aarch64 1:7.0.90-0_0      
  olt_manager.aarch64 13.1.63-0_0          tacasplus_client.aarch64 1:2.0.1-0_0
  test_ntp.aarch64 1.0.31-0_0              web_em.aarch64 2.1.130-0_0          

2021-01-04T20:12:34Z INFO Complete!
2021-01-04T20:12:34Z DDEBUG Cleaning up.
2021-01-04T20:12:34Z DDEBUG /var/cache/dnf/AN6520GP_2.0.0.0.115_2009032355-app-aarch64-6123c2d235b23f56/packages/an6520gp_app-spd-1.18.0-0_0.aarch64.rpm removed
2021-01-04T20:12:34Z DDEBUG /var/cache/dnf/AN6520GP_2.0.0.0.115_2009032355-app-aarch64-6123c2d235b23f56/packages/PTPms-spd-1.1.24-0_0.aarch64.rpm removed
2021-01-04T20:12:34Z DDEBUG /var/cache/dnf/AN6520GP_2.0.0.0.115_2009032355-app-aarch64-6123c2d235b23f56/packages/it_erps-0.0.48-0_0.aarch64.rpm removed
2021-01-04T20:12:34Z DDEBUG /var/cache/dnf/AN6520GP_2.0.0.0.115_2009032355-app-aarch64-6123c2d235b23f56/packages/test_ntp-1.0.31-0_0.aarch64.rpm removed
2021-01-04T20:12:34Z DDEBUG /var/cache/dnf/AN6520GP_2.0.0.0.115_2009032355-app-aarch64-6123c2d235b23f56/packages/web_em-2.1.130-0_0.aarch64.rpm removed
2021-01-04T20:12:34Z DDEBUG /var/cache/dnf/AN6520GP_2.0.0.0.115_2009032355-app-aarch64-6123c2d235b23f56/packages/freeradius-client-5.0.3-0_0.aarch64.rpm removed
2021-01-04T20:12:34Z DDEBUG /var/cache/dnf/AN6520GP_2.0.0.0.115_2009032355-app-aarch64-6123c2d235b23f56/packages/bridge_SW-46.0.302-0_0.aarch64.rpm removed
2021-01-04T20:12:34Z DDEBUG /var/cache/dnf/AN6520GP_2.0.0.0.115_2009032355-app-aarch64-6123c2d235b23f56/packages/it_stp-4.0.24-0_0.aarch64.rpm removed
2021-01-04T20:12:34Z DDEBUG /var/cache/dnf/AN6520GP_2.0.0.0.115_2009032355-app-aarch64-6123c2d235b23f56/packages/kcint-spd-1.0.150-0_0.aarch64.rpm removed
2021-01-04T20:12:34Z DDEBUG /var/cache/dnf/AN6520GP_2.0.0.0.115_2009032355-app-aarch64-6123c2d235b23f56/packages/itbridge-spd-5.10.228-0_0.aarch64.rpm removed
2021-01-04T20:12:34Z DDEBUG /var/cache/dnf/AN6520GP_2.0.0.0.115_2009032355-app-aarch64-6123c2d235b23f56/packages/it-snmpd-5.20.33-0_0.aarch64.rpm removed
2021-01-04T20:12:34Z DDEBUG /var/cache/dnf/AN6520GP_2.0.0.0.115_2009032355-app-aarch64-6123c2d235b23f56/packages/QorIQ_microcode-spd-4.6.41-0_0.aarch64.rpm removed
2021-01-04T20:12:34Z DDEBUG /var/cache/dnf/AN6520GP_2.0.0.0.115_2009032355-app-aarch64-6123c2d235b23f56/packages/maple-spd-7.0.90-0_0.aarch64.rpm removed
2021-01-04T20:12:34Z DDEBUG /var/cache/dnf/AN6520GP_2.0.0.0.115_2009032355-app-aarch64-6123c2d235b23f56/packages/itarl-spd-1.0.123-0_0.aarch64.rpm removed
2021-01-04T20:12:34Z DDEBUG /var/cache/dnf/AN6520GP_2.0.0.0.115_2009032355-app-aarch64-6123c2d235b23f56/packages/it_ecfm-2.0.10-0_0.aarch64.rpm removed
2021-01-04T20:12:34Z DDEBUG /var/cache/dnf/AN6520GP_2.0.0.0.115_2009032355-app-aarch64-6123c2d235b23f56/packages/olt_manager-13.1.63-0_0.aarch64.rpm removed
2021-01-04T20:12:34Z DDEBUG /var/cache/dnf/AN6520GP_2.0.0.0.115_2009032355-app-aarch64-6123c2d235b23f56/packages/cli-38.0.172-0_0.aarch64.rpm removed
2021-01-04T20:12:34Z DDEBUG /var/cache/dnf/AN6520GP_2.0.0.0.115_2009032355-app-aarch64-6123c2d235b23f56/packages/app_utils-1.2.10-0_0.aarch64.rpm removed
2021-01-04T20:12:34Z DDEBUG /var/cache/dnf/AN6520GP_2.0.0.0.115_2009032355-app-aarch64-6123c2d235b23f56/packages/tacasplus_client-2.0.1-0_0.aarch64.rpm removed
2021-01-04T20:12:34Z DDEBUG /var/cache/dnf/AN6520GP_2.0.0.0.115_2009032355-app-aarch64-6123c2d235b23f56/packages/an6520gp-spd-2.13.1-2009032355_0.aarch64.rpm removed
2021-01-04T20:12:45Z INFO --- logging initialized ---
2021-01-04T20:12:45Z DDEBUG timer: config: 7 ms
2021-01-04T20:12:45Z DEBUG DNF version: 2.6.3
2021-01-04T20:12:45Z DDEBUG Command: dnf clean all 
2021-01-04T20:12:45Z DDEBUG Installroot: /
2021-01-04T20:12:45Z DDEBUG Releasever: rocko
2021-01-04T20:12:45Z DEBUG cachedir: /var/cache/dnf
2021-01-04T20:12:45Z DDEBUG Base command: clean
2021-01-04T20:12:45Z DDEBUG Extra commands: ['clean', 'all']
2021-01-04T20:12:45Z DEBUG Cleaning data: packages dbcache metadata
2021-01-04T20:12:45Z DDEBUG Removing file /var/cache/dnf/AN6520GP_2.0.0.0.115_2009032355-app-aarch64.solv
2021-01-04T20:12:45Z DDEBUG Removing file /var/cache/dnf/AN6520GP_2.0.0.0.115_2009032355-sp-aarch64-filenames.solvx
2021-01-04T20:12:45Z DDEBUG Removing file /var/cache/dnf/AN6520GP_2.0.0.0.115_2009032355-sp-aarch64.solv
2021-01-04T20:12:45Z DDEBUG Removing file /var/cache/dnf/AN6520GP_2.0.0.0.115_2009032355-app-aarch64-filenames.solvx
2021-01-04T20:12:45Z DDEBUG Removing file /var/cache/dnf/AN6520GP_2.0.0.0.115_2009032355-sp-aarch64-7546e7cdc8c34314/repodata/filelists.xml.gz
2021-01-04T20:12:45Z DDEBUG Removing file /var/cache/dnf/AN6520GP_2.0.0.0.115_2009032355-sp-aarch64-7546e7cdc8c34314/repodata/repomd.xml
2021-01-04T20:12:45Z DDEBUG Removing file /var/cache/dnf/AN6520GP_2.0.0.0.115_2009032355-sp-aarch64-7546e7cdc8c34314/repodata/primary.xml.gz
2021-01-04T20:12:45Z DDEBUG Removing file /var/cache/dnf/AN6520GP_2.0.0.0.115_2009032355-app-aarch64-6123c2d235b23f56/repodata/filelists.xml.gz
2021-01-04T20:12:45Z DDEBUG Removing file /var/cache/dnf/AN6520GP_2.0.0.0.115_2009032355-app-aarch64-6123c2d235b23f56/repodata/repomd.xml
2021-01-04T20:12:45Z DDEBUG Removing file /var/cache/dnf/AN6520GP_2.0.0.0.115_2009032355-app-aarch64-6123c2d235b23f56/repodata/primary.xml.gz
2021-01-04T20:12:45Z INFO 10 files removed
2021-01-04T20:12:45Z DDEBUG Cleaning up.
